# JRE version: OpenJDK Runtime Environment Temurin-17.0.2+8 (17.0.2+8) (build 17.0.2+8)
# Java VM: OpenJDK 64-Bit Server VM Temurin-17.0.2+8 (17.0.2+8, mixed mode, emulated-client, tiered, compressed oops, compressed class ptrs, g1 gc, windows-amd64)
GC Precious Log:
 CPUs: 8 total, 8 available
 Memory: 16268M
 Large Page Support: Disabled
 NUMA Support: Disabled
 Compressed Oops: Enabled (Zero based)
 Heap Region Size: 2M
 Heap Min Capacity: 8M
 Heap Initial Capacity: 256M
 Heap Max Capacity: 4068M
 Pre-touch: Disabled
 Parallel Workers: 8
 Concurrent Workers: 2
 Concurrent Refinement Workers: 8
 Periodic GC: Disabled
Heap:
 garbage-first heap   total 90112K, used 58614K [0x0000000701c00000, 0x0000000800000000)
  region size 2048K, 17 young (34816K), 1 survivors (2048K)
 Metaspace       used 70502K, committed 71040K, reserved 1114112K
  class space    used 9279K, committed 9536K, reserved 1048576K
GC Heap History (20 events):
Event: 2.673 GC heap before
{Heap before GC invocations=8 (full 0):
 garbage-first heap   total 155648K, used 67612K [0x0000000701c00000, 0x0000000800000000)
  region size 2048K, 30 young (61440K), 2 survivors (4096K)
 Metaspace       used 35768K, committed 36096K, reserved 1081344K
  class space    used 4405K, committed 4544K, reserved 1048576K
}
Event: 2.677 GC heap after
{Heap after GC invocations=9 (full 0):
 garbage-first heap   total 155648K, used 15072K [0x0000000701c00000, 0x0000000800000000)
  region size 2048K, 3 young (6144K), 3 survivors (6144K)
 Metaspace       used 35768K, committed 36096K, reserved 1081344K
  class space    used 4405K, committed 4544K, reserved 1048576K
}
Event: 2.987 GC heap before
{Heap before GC invocations=10 (full 0):
 garbage-first heap   total 61440K, used 49888K [0x0000000701c00000, 0x0000000800000000)
  region size 2048K, 21 young (43008K), 3 survivors (6144K)
 Metaspace       used 38344K, committed 38656K, reserved 1089536K
  class space    used 4747K, committed 4864K, reserved 1048576K
}
Event: 2.992 GC heap after
{Heap after GC invocations=11 (full 0):
 garbage-first heap   total 63488K, used 16495K [0x0000000701c00000, 0x0000000800000000)
  region size 2048K, 3 young (6144K), 3 survivors (6144K)
 Metaspace       used 38344K, committed 38656K, reserved 1089536K
  class space    used 4747K, committed 4864K, reserved 1048576K
}
Event: 3.018 GC heap before
{Heap before GC invocations=11 (full 0):
 garbage-first heap   total 63488K, used 16495K [0x0000000701c00000, 0x0000000800000000)
  region size 2048K, 4 young (8192K), 3 survivors (6144K)
 Metaspace       used 38529K, committed 38912K, reserved 1089536K
  class space    used 4789K, committed 4928K, reserved 1048576K
}
Event: 3.022 GC heap after
{Heap after GC invocations=12 (full 0):
 garbage-first heap   total 63488K, used 16986K [0x0000000701c00000, 0x0000000800000000)
  region size 2048K, 1 young (2048K), 1 survivors (2048K)
 Metaspace       used 38529K, committed 38912K, reserved 1089536K
  class space    used 4789K, committed 4928K, reserved 1048576K
}
Event: 3.231 GC heap before
{Heap before GC invocations=12 (full 0):
 garbage-first heap   total 63488K, used 45658K [0x0000000701c00000, 0x0000000800000000)
  region size 2048K, 16 young (32768K), 1 survivors (2048K)
 Metaspace       used 41461K, committed 41856K, reserved 1089536K
  class space    used 5213K, committed 5376K, reserved 1048576K
}
Event: 3.233 GC heap after
{Heap after GC invocations=13 (full 0):
 garbage-first heap   total 163840K, used 16918K [0x0000000701c00000, 0x0000000800000000)
  region size 2048K, 1 young (2048K), 1 survivors (2048K)
 Metaspace       used 41461K, committed 41856K, reserved 1089536K
  class space    used 5213K, committed 5376K, reserved 1048576K
}
Event: 5.087 GC heap before
{Heap before GC invocations=13 (full 0):
 garbage-first heap   total 163840K, used 113174K [0x0000000701c00000, 0x0000000800000000)
  region size 2048K, 48 young (98304K), 1 survivors (2048K)
 Metaspace       used 53475K, committed 53888K, reserved 1097728K
  class space    used 6864K, committed 7040K, reserved 1048576K
}
Event: 5.090 GC heap after
{Heap after GC invocations=14 (full 0):
 garbage-first heap   total 163840K, used 19630K [0x0000000701c00000, 0x0000000800000000)
  region size 2048K, 2 young (4096K), 2 survivors (4096K)
 Metaspace       used 53475K, committed 53888K, reserved 1097728K
  class space    used 6864K, committed 7040K, reserved 1048576K
}
Event: 6.583 GC heap before
{Heap before GC invocations=14 (full 0):
 garbage-first heap   total 163840K, used 91310K [0x0000000701c00000, 0x0000000800000000)
  region size 2048K, 38 young (77824K), 2 survivors (4096K)
 Metaspace       used 60091K, committed 60480K, reserved 1105920K
  class space    used 7845K, committed 8000K, reserved 1048576K
}
Event: 6.587 GC heap after
{Heap after GC invocations=15 (full 0):
 garbage-first heap   total 163840K, used 21512K [0x0000000701c00000, 0x0000000800000000)
  region size 2048K, 3 young (6144K), 3 survivors (6144K)
 Metaspace       used 60091K, committed 60480K, reserved 1105920K
  class space    used 7845K, committed 8000K, reserved 1048576K
}
Event: 7.066 GC heap before
{Heap before GC invocations=16 (full 0):
 garbage-first heap   total 90112K, used 68616K [0x0000000701c00000, 0x0000000800000000)
  region size 2048K, 26 young (53248K), 3 survivors (6144K)
 Metaspace       used 63536K, committed 63936K, reserved 1105920K
  class space    used 8378K, committed 8576K, reserved 1048576K
}
Event: 7.071 GC heap after
{Heap after GC invocations=17 (full 0):
 garbage-first heap   total 90112K, used 23623K [0x0000000701c00000, 0x0000000800000000)
  region size 2048K, 3 young (6144K), 3 survivors (6144K)
 Metaspace       used 63536K, committed 63936K, reserved 1105920K
  class space    used 8378K, committed 8576K, reserved 1048576K
}
Event: 7.086 GC heap before
{Heap before GC invocations=17 (full 0):
 garbage-first heap   total 90112K, used 25671K [0x0000000701c00000, 0x0000000800000000)
  region size 2048K, 4 young (8192K), 3 survivors (6144K)
 Metaspace       used 63693K, committed 64064K, reserved 1105920K
  class space    used 8398K, committed 8576K, reserved 1048576K
}
Event: 7.090 GC heap after
{Heap after GC invocations=18 (full 0):
 garbage-first heap   total 90112K, used 23862K [0x0000000701c00000, 0x0000000800000000)
  region size 2048K, 1 young (2048K), 1 survivors (2048K)
 Metaspace       used 63693K, committed 64064K, reserved 1105920K
  class space    used 8398K, committed 8576K, reserved 1048576K
}
Event: 8.700 GC heap before
{Heap before GC invocations=18 (full 0):
 garbage-first heap   total 90112K, used 68918K [0x0000000701c00000, 0x0000000800000000)
  region size 2048K, 24 young (49152K), 1 survivors (2048K)
 Metaspace       used 67287K, committed 67776K, reserved 1114112K
  class space    used 8866K, committed 9088K, reserved 1048576K
}
Event: 8.704 GC heap after
{Heap after GC invocations=19 (full 0):
 garbage-first heap   total 90112K, used 26721K [0x0000000701c00000, 0x0000000800000000)
  region size 2048K, 2 young (4096K), 2 survivors (4096K)
 Metaspace       used 67287K, committed 67776K, reserved 1114112K
  class space    used 8866K, committed 9088K, reserved 1048576K
}
Event: 178.175 GC heap before
{Heap before GC invocations=19 (full 0):
 garbage-first heap   total 90112K, used 67681K [0x0000000701c00000, 0x0000000800000000)
  region size 2048K, 23 young (47104K), 2 survivors (4096K)
 Metaspace       used 70355K, committed 70848K, reserved 1114112K
  class space    used 9254K, committed 9472K, reserved 1048576K
}
Event: 178.178 GC heap after
{Heap after GC invocations=20 (full 0):
 garbage-first heap   total 90112K, used 27894K [0x0000000701c00000, 0x0000000800000000)
  region size 2048K, 1 young (2048K), 1 survivors (2048K)
 Metaspace       used 70355K, committed 70848K, reserved 1114112K
  class space    used 9254K, committed 9472K, reserved 1048576K
}

